{"name":"hexo","hostname":"ly-PC","pid":4788,"level":20,"msg":"Hexo version: 3.2.2","time":"2016-09-22T01:02:03.978Z","v":0}
{"name":"hexo","hostname":"ly-PC","pid":4788,"level":20,"msg":"Working directory: D:\\hexo\\","time":"2016-09-22T01:02:03.989Z","v":0}
{"name":"hexo","hostname":"ly-PC","pid":4788,"level":20,"msg":"Config loaded: D:\\hexo\\_config.yml","time":"2016-09-22T01:02:05.813Z","v":0}
{"name":"hexo","hostname":"ly-PC","pid":4788,"level":20,"msg":"Plugin loaded: hexo-deployer-git","time":"2016-09-22T01:02:08.851Z","v":0}
{"name":"hexo","hostname":"ly-PC","pid":4788,"level":20,"msg":"Plugin loaded: hexo-generator-archive","time":"2016-09-22T01:02:08.970Z","v":0}
{"name":"hexo","hostname":"ly-PC","pid":4788,"level":20,"msg":"Plugin loaded: hexo-generator-category","time":"2016-09-22T01:02:09.106Z","v":0}
{"name":"hexo","hostname":"ly-PC","pid":4788,"level":20,"msg":"Plugin loaded: hexo-generator-index","time":"2016-09-22T01:02:09.179Z","v":0}
{"name":"hexo","hostname":"ly-PC","pid":4788,"level":20,"msg":"Plugin loaded: hexo-generator-tag","time":"2016-09-22T01:02:09.289Z","v":0}
{"name":"hexo","hostname":"ly-PC","pid":4788,"level":20,"msg":"Plugin loaded: hexo-generator-search","time":"2016-09-22T01:02:09.380Z","v":0}
{"name":"hexo","hostname":"ly-PC","pid":4788,"level":20,"msg":"Plugin loaded: hexo-renderer-ejs","time":"2016-09-22T01:02:09.537Z","v":0}
{"name":"hexo","hostname":"ly-PC","pid":4788,"level":20,"msg":"Plugin loaded: hexo-renderer-stylus","time":"2016-09-22T01:02:09.555Z","v":0}
{"name":"hexo","hostname":"ly-PC","pid":4788,"level":20,"msg":"Plugin loaded: hexo-renderer-marked","time":"2016-09-22T01:02:11.752Z","v":0}
{"name":"hexo","hostname":"ly-PC","pid":4788,"level":20,"msg":"Plugin loaded: hexo-server","time":"2016-09-22T01:02:15.143Z","v":0}
{"name":"hexo","hostname":"ly-PC","pid":4788,"level":20,"msg":"Script loaded: themes\\next\\scripts\\tags\\center-quote.js","time":"2016-09-22T01:02:15.152Z","v":0}
{"name":"hexo","hostname":"ly-PC","pid":4788,"level":20,"msg":"Script loaded: themes\\next\\scripts\\tags\\group-pictures.js","time":"2016-09-22T01:02:15.154Z","v":0}
{"name":"hexo","hostname":"ly-PC","pid":4788,"level":20,"msg":"Script loaded: themes\\next\\scripts\\merge-configs.js","time":"2016-09-22T01:02:15.159Z","v":0}
{"name":"hexo","hostname":"ly-PC","pid":4788,"level":20,"msg":"Script loaded: themes\\next\\scripts\\tags\\full-image.js","time":"2016-09-22T01:02:15.161Z","v":0}
{"name":"hexo","hostname":"ly-PC","pid":4788,"level":20,"msg":"Loading database.","time":"2016-09-22T01:02:15.184Z","v":0}
{"name":"hexo","hostname":"ly-PC","pid":4788,"level":30,"msg":"Start processing","time":"2016-09-22T01:02:15.205Z","v":0}
{"name":"hexo","hostname":"ly-PC","pid":4788,"level":20,"msg":"Processed: debug.log","time":"2016-09-22T01:02:15.279Z","v":0}
{"name":"hexo","hostname":"ly-PC","pid":4788,"level":20,"msg":"Processed: favicon.ico","time":"2016-09-22T01:02:15.280Z","v":0}
{"name":"hexo","hostname":"ly-PC","pid":4788,"level":20,"msg":"Processed: source/favicon.ico","time":"2016-09-22T01:02:15.440Z","v":0}
{"name":"hexo","hostname":"ly-PC","pid":4788,"level":20,"msg":"Processed: images/relation.png","time":"2016-09-22T01:02:15.441Z","v":0}
{"name":"hexo","hostname":"ly-PC","pid":4788,"level":20,"msg":"Theme config loaded.","time":"2016-09-22T01:02:15.566Z","v":0}
{"name":"hexo","hostname":"ly-PC","pid":4788,"level":20,"msg":"Processed: _config.yml","time":"2016-09-22T01:02:15.567Z","v":0}
{"name":"hexo","hostname":"ly-PC","pid":4788,"level":20,"msg":"Processed: source/css/main.styl","time":"2016-09-22T01:02:15.766Z","v":0}
{"name":"hexo","hostname":"ly-PC","pid":4788,"level":20,"msg":"Processed: source/images/cc-by-nc-nd.svg","time":"2016-09-22T01:02:15.766Z","v":0}
{"name":"hexo","hostname":"ly-PC","pid":4788,"level":20,"msg":"Processed: source/images/cc-zero.svg","time":"2016-09-22T01:02:15.767Z","v":0}
{"name":"hexo","hostname":"ly-PC","pid":4788,"level":20,"msg":"Processed: source/images/cc-by-nc-sa.svg","time":"2016-09-22T01:02:15.768Z","v":0}
{"name":"hexo","hostname":"ly-PC","pid":4788,"level":20,"msg":"Processed: source/images/loading.gif","time":"2016-09-22T01:02:15.769Z","v":0}
{"name":"hexo","hostname":"ly-PC","pid":4788,"level":20,"msg":"Processed: source/images/cc-by-nc.svg","time":"2016-09-22T01:02:15.771Z","v":0}
{"name":"hexo","hostname":"ly-PC","pid":4788,"level":20,"msg":"Processed: source/images/placeholder.gif","time":"2016-09-22T01:02:15.772Z","v":0}
{"name":"hexo","hostname":"ly-PC","pid":4788,"level":20,"msg":"Processed: source/images/quote-l.svg","time":"2016-09-22T01:02:15.773Z","v":0}
{"name":"hexo","hostname":"ly-PC","pid":4788,"level":20,"msg":"Processed: source/images/cc-by.svg","time":"2016-09-22T01:02:15.776Z","v":0}
{"name":"hexo","hostname":"ly-PC","pid":4788,"level":20,"msg":"Processed: source/images/cc-by-sa.svg","time":"2016-09-22T01:02:15.776Z","v":0}
{"name":"hexo","hostname":"ly-PC","pid":4788,"level":20,"msg":"Processed: source/images/cc-by-nd.svg","time":"2016-09-22T01:02:15.777Z","v":0}
{"name":"hexo","hostname":"ly-PC","pid":4788,"level":20,"msg":"Processed: source/images/searchicon.png","time":"2016-09-22T01:02:15.777Z","v":0}
{"name":"hexo","hostname":"ly-PC","pid":4788,"level":20,"msg":"Processed: source/images/quote-r.svg","time":"2016-09-22T01:02:15.781Z","v":0}
{"name":"hexo","hostname":"ly-PC","pid":4788,"level":20,"msg":"Processed: categories/index.md","time":"2016-09-22T01:02:15.859Z","v":0}
{"name":"hexo","hostname":"ly-PC","pid":4788,"level":20,"msg":"Processed: _posts/ss.md","time":"2016-09-22T01:02:15.863Z","v":0}
{"name":"hexo","hostname":"ly-PC","pid":4788,"level":20,"msg":"Processed: _posts/一首诗-翻译.md","time":"2016-09-22T01:02:15.866Z","v":0}
{"name":"hexo","hostname":"ly-PC","pid":4788,"level":20,"msg":"Processed: _posts/梦断代码-书摘与笔记.md","time":"2016-09-22T01:02:15.867Z","v":0}
{"name":"hexo","hostname":"ly-PC","pid":4788,"level":20,"msg":"Processed: _posts/new.md","time":"2016-09-22T01:02:15.871Z","v":0}
{"name":"hexo","hostname":"ly-PC","pid":4788,"level":20,"msg":"Processed: _posts/那些年踩过的python坑（一）.md","time":"2016-09-22T01:02:15.879Z","v":0}
{"name":"hexo","hostname":"ly-PC","pid":4788,"level":20,"msg":"Processed: tags/index.md","time":"2016-09-22T01:02:15.901Z","v":0}
{"name":"hexo","hostname":"ly-PC","pid":4788,"level":20,"msg":"Processed: languages/de.yml","time":"2016-09-22T01:02:15.902Z","v":0}
{"name":"hexo","hostname":"ly-PC","pid":4788,"level":20,"msg":"Processed: languages/default.yml","time":"2016-09-22T01:02:15.903Z","v":0}
{"name":"hexo","hostname":"ly-PC","pid":4788,"level":20,"msg":"Processed: _posts/hexo-命令总结.md","time":"2016-09-22T01:02:15.906Z","v":0}
{"name":"hexo","hostname":"ly-PC","pid":4788,"level":20,"msg":"Processed: languages/en.yml","time":"2016-09-22T01:02:15.997Z","v":0}
{"name":"hexo","hostname":"ly-PC","pid":4788,"level":20,"msg":"Processed: layout/index.swig","time":"2016-09-22T01:02:16.215Z","v":0}
{"name":"hexo","hostname":"ly-PC","pid":4788,"level":20,"msg":"Processed: layout/_layout.swig","time":"2016-09-22T01:02:16.216Z","v":0}
{"name":"hexo","hostname":"ly-PC","pid":4788,"level":20,"msg":"Processed: layout/page.swig","time":"2016-09-22T01:02:16.216Z","v":0}
{"name":"hexo","hostname":"ly-PC","pid":4788,"level":20,"msg":"Processed: layout/category.swig","time":"2016-09-22T01:02:16.216Z","v":0}
{"name":"hexo","hostname":"ly-PC","pid":4788,"level":20,"msg":"Processed: layout/tag.swig","time":"2016-09-22T01:02:16.218Z","v":0}
{"name":"hexo","hostname":"ly-PC","pid":4788,"level":20,"msg":"Processed: layout/post.swig","time":"2016-09-22T01:02:16.219Z","v":0}
{"name":"hexo","hostname":"ly-PC","pid":4788,"level":20,"msg":"Processed: languages/fr-FR.yml","time":"2016-09-22T01:02:16.221Z","v":0}
{"name":"hexo","hostname":"ly-PC","pid":4788,"level":20,"msg":"Processed: languages/id.yml","time":"2016-09-22T01:02:16.221Z","v":0}
{"name":"hexo","hostname":"ly-PC","pid":4788,"level":20,"msg":"Processed: languages/ko.yml","time":"2016-09-22T01:02:16.221Z","v":0}
{"name":"hexo","hostname":"ly-PC","pid":4788,"level":20,"msg":"Processed: languages/pt-BR.yml","time":"2016-09-22T01:02:16.221Z","v":0}
{"name":"hexo","hostname":"ly-PC","pid":4788,"level":20,"msg":"Processed: languages/zh-Hans.yml","time":"2016-09-22T01:02:16.222Z","v":0}
{"name":"hexo","hostname":"ly-PC","pid":4788,"level":20,"msg":"Processed: languages/pt.yml","time":"2016-09-22T01:02:16.222Z","v":0}
{"name":"hexo","hostname":"ly-PC","pid":4788,"level":20,"msg":"Processed: languages/ru.yml","time":"2016-09-22T01:02:16.222Z","v":0}
{"name":"hexo","hostname":"ly-PC","pid":4788,"level":20,"msg":"Processed: languages/zh-hk.yml","time":"2016-09-22T01:02:16.222Z","v":0}
{"name":"hexo","hostname":"ly-PC","pid":4788,"level":20,"msg":"Processed: languages/zh-tw.yml","time":"2016-09-22T01:02:16.222Z","v":0}
{"name":"hexo","hostname":"ly-PC","pid":4788,"level":20,"msg":"Processed: languages/ja.yml","time":"2016-09-22T01:02:16.222Z","v":0}
{"name":"hexo","hostname":"ly-PC","pid":4788,"level":20,"msg":"Processed: layout/archive.swig","time":"2016-09-22T01:02:16.699Z","v":0}
{"name":"hexo","hostname":"ly-PC","pid":4788,"level":20,"msg":"Processed: source/js/src/affix.js","time":"2016-09-22T01:02:16.707Z","v":0}
{"name":"hexo","hostname":"ly-PC","pid":4788,"level":20,"msg":"Processed: source/js/src/hook-duoshuo.js","time":"2016-09-22T01:02:16.708Z","v":0}
{"name":"hexo","hostname":"ly-PC","pid":4788,"level":20,"msg":"Processed: source/js/src/post-details.js","time":"2016-09-22T01:02:16.709Z","v":0}
{"name":"hexo","hostname":"ly-PC","pid":4788,"level":20,"msg":"Processed: source/js/src/motion.js","time":"2016-09-22T01:02:16.710Z","v":0}
{"name":"hexo","hostname":"ly-PC","pid":4788,"level":20,"msg":"Processed: source/js/src/utils.js","time":"2016-09-22T01:02:16.711Z","v":0}
{"name":"hexo","hostname":"ly-PC","pid":4788,"level":20,"msg":"Processed: source/js/src/scrollspy.js","time":"2016-09-22T01:02:16.713Z","v":0}
{"name":"hexo","hostname":"ly-PC","pid":4788,"level":20,"msg":"Processed: source/vendors/fastclick/README.md","time":"2016-09-22T01:02:16.714Z","v":0}
{"name":"hexo","hostname":"ly-PC","pid":4788,"level":20,"msg":"Processed: source/vendors/fastclick/bower.json","time":"2016-09-22T01:02:16.721Z","v":0}
{"name":"hexo","hostname":"ly-PC","pid":4788,"level":20,"msg":"Processed: source/vendors/fastclick/LICENSE","time":"2016-09-22T01:02:16.722Z","v":0}
{"name":"hexo","hostname":"ly-PC","pid":4788,"level":20,"msg":"Processed: source/vendors/font-awesome/HELP-US-OUT.txt","time":"2016-09-22T01:02:16.723Z","v":0}
{"name":"hexo","hostname":"ly-PC","pid":4788,"level":20,"msg":"Processed: source/js/src/bootstrap.js","time":"2016-09-22T01:02:16.724Z","v":0}
{"name":"hexo","hostname":"ly-PC","pid":4788,"level":20,"msg":"Processed: source/vendors/font-awesome/bower.json","time":"2016-09-22T01:02:16.724Z","v":0}
{"name":"hexo","hostname":"ly-PC","pid":4788,"level":20,"msg":"Processed: source/vendors/jquery_lazyload/CONTRIBUTING.md","time":"2016-09-22T01:02:16.725Z","v":0}
{"name":"hexo","hostname":"ly-PC","pid":4788,"level":20,"msg":"Processed: source/vendors/jquery_lazyload/README.md","time":"2016-09-22T01:02:16.726Z","v":0}
{"name":"hexo","hostname":"ly-PC","pid":4788,"level":20,"msg":"Processed: source/vendors/jquery_lazyload/jquery.lazyload.js","time":"2016-09-22T01:02:16.726Z","v":0}
{"name":"hexo","hostname":"ly-PC","pid":4788,"level":20,"msg":"Processed: source/vendors/jquery_lazyload/jquery.scrollstop.js","time":"2016-09-22T01:02:16.727Z","v":0}
{"name":"hexo","hostname":"ly-PC","pid":4788,"level":20,"msg":"Processed: source/vendors/velocity/bower.json","time":"2016-09-22T01:02:16.727Z","v":0}
{"name":"hexo","hostname":"ly-PC","pid":4788,"level":20,"msg":"Processed: source/vendors/jquery_lazyload/bower.json","time":"2016-09-22T01:02:16.728Z","v":0}
{"name":"hexo","hostname":"ly-PC","pid":4788,"level":20,"msg":"Processed: source/vendors/velocity/velocity.min.js","time":"2016-09-22T01:02:16.728Z","v":0}
{"name":"hexo","hostname":"ly-PC","pid":4788,"level":20,"msg":"Processed: source/vendors/velocity/velocity.ui.js","time":"2016-09-22T01:02:16.728Z","v":0}
{"name":"hexo","hostname":"ly-PC","pid":4788,"level":20,"msg":"Processed: source/vendors/velocity/velocity.ui.min.js","time":"2016-09-22T01:02:16.729Z","v":0}
{"name":"hexo","hostname":"ly-PC","pid":4788,"level":20,"msg":"Processed: layout/_partials/duoshuo-hot-articles.swig","time":"2016-09-22T01:02:16.750Z","v":0}
{"name":"hexo","hostname":"ly-PC","pid":4788,"level":20,"msg":"Processed: layout/_partials/footer.swig","time":"2016-09-22T01:02:16.750Z","v":0}
{"name":"hexo","hostname":"ly-PC","pid":4788,"level":20,"msg":"Processed: layout/_partials/pagination.swig","time":"2016-09-22T01:02:16.751Z","v":0}
{"name":"hexo","hostname":"ly-PC","pid":4788,"level":20,"msg":"Processed: layout/_partials/search.swig","time":"2016-09-22T01:02:16.751Z","v":0}
{"name":"hexo","hostname":"ly-PC","pid":4788,"level":20,"msg":"Processed: layout/_scripts/baidu-push.swig","time":"2016-09-22T01:02:16.751Z","v":0}
{"name":"hexo","hostname":"ly-PC","pid":4788,"level":20,"msg":"Processed: layout/_scripts/commons.swig","time":"2016-09-22T01:02:16.751Z","v":0}
{"name":"hexo","hostname":"ly-PC","pid":4788,"level":20,"msg":"Processed: layout/_scripts/boostrap.swig","time":"2016-09-22T01:02:16.751Z","v":0}
{"name":"hexo","hostname":"ly-PC","pid":4788,"level":20,"msg":"Processed: source/vendors/jquery/index.js","time":"2016-09-22T01:02:16.752Z","v":0}
{"name":"hexo","hostname":"ly-PC","pid":4788,"level":20,"msg":"Processed: layout/_partials/head.swig","time":"2016-09-22T01:02:16.817Z","v":0}
{"name":"hexo","hostname":"ly-PC","pid":4788,"level":20,"msg":"Processed: layout/_partials/header.swig","time":"2016-09-22T01:02:16.817Z","v":0}
{"name":"hexo","hostname":"ly-PC","pid":4788,"level":20,"msg":"Processed: layout/_macro/post-collapse.swig","time":"2016-09-22T01:02:16.817Z","v":0}
{"name":"hexo","hostname":"ly-PC","pid":4788,"level":20,"msg":"Processed: layout/_scripts/vendors.swig","time":"2016-09-22T01:02:16.818Z","v":0}
{"name":"hexo","hostname":"ly-PC","pid":4788,"level":20,"msg":"Processed: layout/_macro/reward.swig","time":"2016-09-22T01:02:16.818Z","v":0}
{"name":"hexo","hostname":"ly-PC","pid":4788,"level":20,"msg":"Processed: layout/_macro/wechat-subscriber.swig","time":"2016-09-22T01:02:16.818Z","v":0}
{"name":"hexo","hostname":"ly-PC","pid":4788,"level":20,"msg":"Processed: layout/_macro/post.swig","time":"2016-09-22T01:02:16.818Z","v":0}
{"name":"hexo","hostname":"ly-PC","pid":4788,"level":20,"msg":"Processed: layout/_macro/sidebar.swig","time":"2016-09-22T01:02:16.819Z","v":0}
{"name":"hexo","hostname":"ly-PC","pid":4788,"level":20,"msg":"Processed: source/images/avatar.gif","time":"2016-09-22T01:02:16.822Z","v":0}
{"name":"hexo","hostname":"ly-PC","pid":4788,"level":20,"msg":"Processed: layout/_partials/comments.swig","time":"2016-09-22T01:02:16.835Z","v":0}
{"name":"hexo","hostname":"ly-PC","pid":4788,"level":20,"msg":"Processed: layout/_scripts/schemes/muse.swig","time":"2016-09-22T01:02:16.836Z","v":0}
{"name":"hexo","hostname":"ly-PC","pid":4788,"level":20,"msg":"Processed: layout/_scripts/schemes/mist.swig","time":"2016-09-22T01:02:16.836Z","v":0}
{"name":"hexo","hostname":"ly-PC","pid":4788,"level":20,"msg":"Processed: source/js/src/schemes/pisces.js","time":"2016-09-22T01:02:16.839Z","v":0}
{"name":"hexo","hostname":"ly-PC","pid":4788,"level":20,"msg":"Processed: source/vendors/fastclick/lib/fastclick.js","time":"2016-09-22T01:02:16.840Z","v":0}
{"name":"hexo","hostname":"ly-PC","pid":4788,"level":20,"msg":"Processed: source/vendors/fastclick/lib/fastclick.min.js","time":"2016-09-22T01:02:16.842Z","v":0}
{"name":"hexo","hostname":"ly-PC","pid":4788,"level":20,"msg":"Processed: source/vendors/ua-parser-js/dist/ua-parser.min.js","time":"2016-09-22T01:02:16.842Z","v":0}
{"name":"hexo","hostname":"ly-PC","pid":4788,"level":20,"msg":"Processed: source/vendors/fancybox/source/blank.gif","time":"2016-09-22T01:02:16.843Z","v":0}
{"name":"hexo","hostname":"ly-PC","pid":4788,"level":20,"msg":"Processed: source/vendors/ua-parser-js/dist/ua-parser.pack.js","time":"2016-09-22T01:02:16.844Z","v":0}
{"name":"hexo","hostname":"ly-PC","pid":4788,"level":20,"msg":"Processed: source/vendors/fancybox/source/fancybox_overlay.png","time":"2016-09-22T01:02:16.844Z","v":0}
{"name":"hexo","hostname":"ly-PC","pid":4788,"level":20,"msg":"Processed: source/vendors/fancybox/source/fancybox_sprite.png","time":"2016-09-22T01:02:16.845Z","v":0}
{"name":"hexo","hostname":"ly-PC","pid":4788,"level":20,"msg":"Processed: source/vendors/fancybox/source/fancybox_loading.gif","time":"2016-09-22T01:02:16.845Z","v":0}
{"name":"hexo","hostname":"ly-PC","pid":4788,"level":20,"msg":"Processed: source/vendors/fancybox/source/fancybox_sprite@2x.png","time":"2016-09-22T01:02:16.848Z","v":0}
{"name":"hexo","hostname":"ly-PC","pid":4788,"level":20,"msg":"Processed: source/vendors/fancybox/source/jquery.fancybox.js","time":"2016-09-22T01:02:16.849Z","v":0}
{"name":"hexo","hostname":"ly-PC","pid":4788,"level":20,"msg":"Processed: source/vendors/fancybox/source/jquery.fancybox.pack.js","time":"2016-09-22T01:02:16.850Z","v":0}
{"name":"hexo","hostname":"ly-PC","pid":4788,"level":20,"msg":"Processed: source/vendors/fancybox/source/fancybox_loading@2x.gif","time":"2016-09-22T01:02:16.851Z","v":0}
{"name":"hexo","hostname":"ly-PC","pid":4788,"level":20,"msg":"Processed: source/vendors/fancybox/source/jquery.fancybox.css","time":"2016-09-22T01:02:16.851Z","v":0}
{"name":"hexo","hostname":"ly-PC","pid":4788,"level":20,"msg":"Processed: source/vendors/font-awesome/css/font-awesome.css.map","time":"2016-09-22T01:02:16.851Z","v":0}
{"name":"hexo","hostname":"ly-PC","pid":4788,"level":20,"msg":"Processed: source/vendors/font-awesome/css/font-awesome.min.css","time":"2016-09-22T01:02:16.852Z","v":0}
{"name":"hexo","hostname":"ly-PC","pid":4788,"level":20,"msg":"Processed: source/vendors/font-awesome/fonts/fontawesome-webfont.woff2","time":"2016-09-22T01:02:16.852Z","v":0}
{"name":"hexo","hostname":"ly-PC","pid":4788,"level":20,"msg":"Processed: layout/_partials/search/swiftype.swig","time":"2016-09-22T01:02:16.871Z","v":0}
{"name":"hexo","hostname":"ly-PC","pid":4788,"level":20,"msg":"Processed: layout/_partials/search/localsearch.swig","time":"2016-09-22T01:02:16.871Z","v":0}
{"name":"hexo","hostname":"ly-PC","pid":4788,"level":20,"msg":"Processed: layout/_partials/search/tinysou.swig","time":"2016-09-22T01:02:16.871Z","v":0}
{"name":"hexo","hostname":"ly-PC","pid":4788,"level":20,"msg":"Processed: layout/_scripts/schemes/pisces.swig","time":"2016-09-22T01:02:16.871Z","v":0}
{"name":"hexo","hostname":"ly-PC","pid":4788,"level":20,"msg":"Processed: layout/_scripts/pages/post-details.swig","time":"2016-09-22T01:02:16.872Z","v":0}
{"name":"hexo","hostname":"ly-PC","pid":4788,"level":20,"msg":"Processed: layout/_partials/share/add-this.swig","time":"2016-09-22T01:02:16.872Z","v":0}
{"name":"hexo","hostname":"ly-PC","pid":4788,"level":20,"msg":"Processed: layout/_partials/head/external-fonts.swig","time":"2016-09-22T01:02:16.873Z","v":0}
{"name":"hexo","hostname":"ly-PC","pid":4788,"level":20,"msg":"Processed: layout/_partials/share/jiathis.swig","time":"2016-09-22T01:02:16.873Z","v":0}
{"name":"hexo","hostname":"ly-PC","pid":4788,"level":20,"msg":"Processed: layout/_partials/share/baidushare.swig","time":"2016-09-22T01:02:16.874Z","v":0}
{"name":"hexo","hostname":"ly-PC","pid":4788,"level":20,"msg":"Processed: layout/_partials/share/duoshuo_share.swig","time":"2016-09-22T01:02:16.874Z","v":0}
{"name":"hexo","hostname":"ly-PC","pid":4788,"level":20,"msg":"Processed: source/vendors/velocity/velocity.js","time":"2016-09-22T01:02:16.877Z","v":0}
{"name":"hexo","hostname":"ly-PC","pid":4788,"level":20,"msg":"Processed: source/vendors/font-awesome/fonts/FontAwesome.otf","time":"2016-09-22T01:02:16.877Z","v":0}
{"name":"hexo","hostname":"ly-PC","pid":4788,"level":20,"msg":"Processed: source/vendors/font-awesome/fonts/fontawesome-webfont.eot","time":"2016-09-22T01:02:16.877Z","v":0}
{"name":"hexo","hostname":"ly-PC","pid":4788,"level":20,"msg":"Processed: source/vendors/font-awesome/css/font-awesome.css","time":"2016-09-22T01:02:16.879Z","v":0}
{"name":"hexo","hostname":"ly-PC","pid":4788,"level":20,"msg":"Processed: layout/_scripts/third-party/analytics.swig","time":"2016-09-22T01:02:16.905Z","v":0}
{"name":"hexo","hostname":"ly-PC","pid":4788,"level":20,"msg":"Processed: layout/_scripts/third-party/comments.swig","time":"2016-09-22T01:02:16.905Z","v":0}
{"name":"hexo","hostname":"ly-PC","pid":4788,"level":20,"msg":"Processed: layout/_scripts/third-party/localsearch.swig","time":"2016-09-22T01:02:16.905Z","v":0}
{"name":"hexo","hostname":"ly-PC","pid":4788,"level":20,"msg":"Processed: layout/_scripts/third-party/tinysou.swig","time":"2016-09-22T01:02:16.905Z","v":0}
{"name":"hexo","hostname":"ly-PC","pid":4788,"level":20,"msg":"Processed: layout/_scripts/third-party/mathjax.swig","time":"2016-09-22T01:02:16.906Z","v":0}
{"name":"hexo","hostname":"ly-PC","pid":4788,"level":20,"msg":"Processed: layout/_scripts/third-party/lean-analytics.swig","time":"2016-09-22T01:02:16.906Z","v":0}
{"name":"hexo","hostname":"ly-PC","pid":4788,"level":20,"msg":"Processed: source/vendors/font-awesome/fonts/fontawesome-webfont.ttf","time":"2016-09-22T01:02:16.909Z","v":0}
{"name":"hexo","hostname":"ly-PC","pid":4788,"level":20,"msg":"Processed: source/vendors/font-awesome/fonts/fontawesome-webfont.woff","time":"2016-09-22T01:02:16.910Z","v":0}
{"name":"hexo","hostname":"ly-PC","pid":4788,"level":20,"msg":"Processed: source/vendors/fancybox/source/helpers/fancybox_buttons.png","time":"2016-09-22T01:02:16.911Z","v":0}
{"name":"hexo","hostname":"ly-PC","pid":4788,"level":20,"msg":"Processed: source/vendors/fancybox/source/helpers/jquery.fancybox-buttons.css","time":"2016-09-22T01:02:16.911Z","v":0}
{"name":"hexo","hostname":"ly-PC","pid":4788,"level":20,"msg":"Processed: source/vendors/fancybox/source/helpers/jquery.fancybox-buttons.js","time":"2016-09-22T01:02:16.911Z","v":0}
{"name":"hexo","hostname":"ly-PC","pid":4788,"level":20,"msg":"Processed: source/vendors/fancybox/source/helpers/jquery.fancybox-thumbs.css","time":"2016-09-22T01:02:16.911Z","v":0}
{"name":"hexo","hostname":"ly-PC","pid":4788,"level":20,"msg":"Processed: layout/_scripts/third-party/analytics/baidu-analytics.swig","time":"2016-09-22T01:02:16.917Z","v":0}
{"name":"hexo","hostname":"ly-PC","pid":4788,"level":20,"msg":"Processed: layout/_scripts/third-party/analytics/busuanzi-counter.swig","time":"2016-09-22T01:02:16.917Z","v":0}
{"name":"hexo","hostname":"ly-PC","pid":4788,"level":20,"msg":"Processed: layout/_scripts/third-party/analytics/cnzz-analytics.swig","time":"2016-09-22T01:02:16.917Z","v":0}
{"name":"hexo","hostname":"ly-PC","pid":4788,"level":20,"msg":"Processed: source/vendors/fancybox/source/helpers/jquery.fancybox-media.js","time":"2016-09-22T01:02:16.919Z","v":0}
{"name":"hexo","hostname":"ly-PC","pid":4788,"level":20,"msg":"Processed: source/vendors/fancybox/source/helpers/jquery.fancybox-thumbs.js","time":"2016-09-22T01:02:16.919Z","v":0}
{"name":"hexo","hostname":"ly-PC","pid":4788,"level":20,"msg":"Processed: layout/_scripts/third-party/analytics/facebook-sdk.swig","time":"2016-09-22T01:02:16.928Z","v":0}
{"name":"hexo","hostname":"ly-PC","pid":4788,"level":20,"msg":"Processed: layout/_scripts/third-party/analytics/google-analytics.swig","time":"2016-09-22T01:02:16.928Z","v":0}
{"name":"hexo","hostname":"ly-PC","pid":4788,"level":20,"msg":"Processed: layout/_scripts/third-party/comments/disqus.swig","time":"2016-09-22T01:02:16.928Z","v":0}
{"name":"hexo","hostname":"ly-PC","pid":4788,"level":20,"msg":"Processed: layout/_scripts/third-party/analytics/tencent-analytics.swig","time":"2016-09-22T01:02:16.929Z","v":0}
{"name":"hexo","hostname":"ly-PC","pid":4788,"level":20,"msg":"Processed: layout/_scripts/third-party/comments/duoshuo.swig","time":"2016-09-22T01:02:16.929Z","v":0}
{"name":"hexo","hostname":"ly-PC","pid":4788,"level":20,"msg":"Processed: source/vendors/font-awesome/fonts/fontawesome-webfont.svg","time":"2016-09-22T01:02:16.933Z","v":0}
{"name":"hexo","hostname":"ly-PC","pid":4788,"level":20,"msg":"Generator: page","time":"2016-09-22T01:02:18.813Z","v":0}
{"name":"hexo","hostname":"ly-PC","pid":4788,"level":20,"msg":"Generator: post","time":"2016-09-22T01:02:18.813Z","v":0}
{"name":"hexo","hostname":"ly-PC","pid":4788,"level":20,"msg":"Generator: archive","time":"2016-09-22T01:02:18.813Z","v":0}
{"name":"hexo","hostname":"ly-PC","pid":4788,"level":20,"msg":"Generator: category","time":"2016-09-22T01:02:18.813Z","v":0}
{"name":"hexo","hostname":"ly-PC","pid":4788,"level":20,"msg":"Generator: index","time":"2016-09-22T01:02:18.814Z","v":0}
{"name":"hexo","hostname":"ly-PC","pid":4788,"level":20,"msg":"Generator: tag","time":"2016-09-22T01:02:18.814Z","v":0}
{"name":"hexo","hostname":"ly-PC","pid":4788,"level":20,"msg":"Generator: search","time":"2016-09-22T01:02:18.814Z","v":0}
{"name":"hexo","hostname":"ly-PC","pid":4788,"level":20,"msg":"Generator: asset","time":"2016-09-22T01:02:18.815Z","v":0}
{"name":"hexo","hostname":"ly-PC","pid":4788,"level":30,"msg":"Hexo is running at http://localhost:4000/. Press Ctrl+C to stop.","time":"2016-09-22T01:02:18.834Z","v":0}
{"name":"hexo","hostname":"ly-PC","pid":4788,"level":20,"msg":"Database saved","time":"2016-09-22T01:02:18.877Z","v":0}
{"name":"hexo","hostname":"ly-PC","pid":748,"level":20,"msg":"Hexo version: 3.2.2","time":"2016-09-22T01:02:36.715Z","v":0}
{"name":"hexo","hostname":"ly-PC","pid":748,"level":20,"msg":"Working directory: D:\\hexo\\","time":"2016-09-22T01:02:36.721Z","v":0}
{"name":"hexo","hostname":"ly-PC","pid":748,"level":20,"msg":"Config loaded: D:\\hexo\\_config.yml","time":"2016-09-22T01:02:37.085Z","v":0}
{"name":"hexo","hostname":"ly-PC","pid":748,"level":20,"msg":"Plugin loaded: hexo-deployer-git","time":"2016-09-22T01:02:38.535Z","v":0}
{"name":"hexo","hostname":"ly-PC","pid":748,"level":20,"msg":"Plugin loaded: hexo-generator-archive","time":"2016-09-22T01:02:38.598Z","v":0}
{"name":"hexo","hostname":"ly-PC","pid":748,"level":20,"msg":"Plugin loaded: hexo-generator-category","time":"2016-09-22T01:02:38.621Z","v":0}
{"name":"hexo","hostname":"ly-PC","pid":748,"level":20,"msg":"Plugin loaded: hexo-generator-index","time":"2016-09-22T01:02:38.763Z","v":0}
{"name":"hexo","hostname":"ly-PC","pid":748,"level":20,"msg":"Plugin loaded: hexo-generator-search","time":"2016-09-22T01:02:38.823Z","v":0}
{"name":"hexo","hostname":"ly-PC","pid":748,"level":20,"msg":"Plugin loaded: hexo-generator-tag","time":"2016-09-22T01:02:38.850Z","v":0}
{"name":"hexo","hostname":"ly-PC","pid":748,"level":20,"msg":"Plugin loaded: hexo-renderer-ejs","time":"2016-09-22T01:02:38.912Z","v":0}
{"name":"hexo","hostname":"ly-PC","pid":748,"level":20,"msg":"Plugin loaded: hexo-renderer-marked","time":"2016-09-22T01:02:39.653Z","v":0}
{"name":"hexo","hostname":"ly-PC","pid":748,"level":20,"msg":"Plugin loaded: hexo-renderer-stylus","time":"2016-09-22T01:02:39.663Z","v":0}
{"name":"hexo","hostname":"ly-PC","pid":748,"level":20,"msg":"Plugin loaded: hexo-server","time":"2016-09-22T01:02:40.971Z","v":0}
{"name":"hexo","hostname":"ly-PC","pid":748,"level":20,"msg":"Script loaded: themes\\next\\scripts\\merge-configs.js","time":"2016-09-22T01:02:40.974Z","v":0}
{"name":"hexo","hostname":"ly-PC","pid":748,"level":20,"msg":"Script loaded: themes\\next\\scripts\\tags\\center-quote.js","time":"2016-09-22T01:02:40.975Z","v":0}
{"name":"hexo","hostname":"ly-PC","pid":748,"level":20,"msg":"Script loaded: themes\\next\\scripts\\tags\\full-image.js","time":"2016-09-22T01:02:40.976Z","v":0}
{"name":"hexo","hostname":"ly-PC","pid":748,"level":20,"msg":"Script loaded: themes\\next\\scripts\\tags\\group-pictures.js","time":"2016-09-22T01:02:40.979Z","v":0}
{"name":"hexo","hostname":"ly-PC","pid":748,"level":20,"msg":"Loading database.","time":"2016-09-22T01:02:41.016Z","v":0}
{"name":"hexo","hostname":"ly-PC","pid":748,"level":30,"msg":"Start processing","time":"2016-09-22T01:02:41.563Z","v":0}
{"name":"hexo","hostname":"ly-PC","pid":748,"level":20,"msg":"Processed: favicon.ico","time":"2016-09-22T01:02:41.814Z","v":0}
{"name":"hexo","hostname":"ly-PC","pid":748,"level":20,"msg":"Processed: debug.log","time":"2016-09-22T01:02:41.814Z","v":0}
{"name":"hexo","hostname":"ly-PC","pid":748,"level":20,"msg":"Processed: _posts/hexo-命令总结.md","time":"2016-09-22T01:02:41.918Z","v":0}
{"name":"hexo","hostname":"ly-PC","pid":748,"level":20,"msg":"Processed: _posts/new.md","time":"2016-09-22T01:02:41.918Z","v":0}
{"name":"hexo","hostname":"ly-PC","pid":748,"level":20,"msg":"Processed: _posts/ss.md","time":"2016-09-22T01:02:41.919Z","v":0}
{"name":"hexo","hostname":"ly-PC","pid":748,"level":20,"msg":"Processed: _posts/一首诗-翻译.md","time":"2016-09-22T01:02:41.919Z","v":0}
{"name":"hexo","hostname":"ly-PC","pid":748,"level":20,"msg":"Processed: _posts/梦断代码-书摘与笔记.md","time":"2016-09-22T01:02:41.919Z","v":0}
{"name":"hexo","hostname":"ly-PC","pid":748,"level":20,"msg":"Processed: _posts/那些年踩过的python坑（一）.md","time":"2016-09-22T01:02:41.924Z","v":0}
{"name":"hexo","hostname":"ly-PC","pid":748,"level":20,"msg":"Processed: tags/index.md","time":"2016-09-22T01:02:41.925Z","v":0}
{"name":"hexo","hostname":"ly-PC","pid":748,"level":20,"msg":"Processed: categories/index.md","time":"2016-09-22T01:02:41.925Z","v":0}
{"name":"hexo","hostname":"ly-PC","pid":748,"level":20,"msg":"Processed: images/relation.png","time":"2016-09-22T01:02:41.927Z","v":0}
{"name":"hexo","hostname":"ly-PC","pid":748,"level":20,"msg":"Processed: source/favicon.ico","time":"2016-09-22T01:02:41.928Z","v":0}
{"name":"hexo","hostname":"ly-PC","pid":748,"level":20,"msg":"Theme config loaded.","time":"2016-09-22T01:02:42.112Z","v":0}
{"name":"hexo","hostname":"ly-PC","pid":748,"level":20,"msg":"Processed: _config.yml","time":"2016-09-22T01:02:42.116Z","v":0}
{"name":"hexo","hostname":"ly-PC","pid":748,"level":20,"msg":"Processed: source/css/main.styl","time":"2016-09-22T01:02:42.116Z","v":0}
{"name":"hexo","hostname":"ly-PC","pid":748,"level":20,"msg":"Processed: source/images/cc-by-nc-sa.svg","time":"2016-09-22T01:02:42.173Z","v":0}
{"name":"hexo","hostname":"ly-PC","pid":748,"level":20,"msg":"Processed: source/images/cc-by-nc.svg","time":"2016-09-22T01:02:42.174Z","v":0}
{"name":"hexo","hostname":"ly-PC","pid":748,"level":20,"msg":"Processed: source/images/cc-by-nd.svg","time":"2016-09-22T01:02:42.175Z","v":0}
{"name":"hexo","hostname":"ly-PC","pid":748,"level":20,"msg":"Processed: source/images/cc-by-nc-nd.svg","time":"2016-09-22T01:02:42.175Z","v":0}
{"name":"hexo","hostname":"ly-PC","pid":748,"level":20,"msg":"Processed: source/images/cc-by-sa.svg","time":"2016-09-22T01:02:42.176Z","v":0}
{"name":"hexo","hostname":"ly-PC","pid":748,"level":20,"msg":"Processed: source/images/cc-by.svg","time":"2016-09-22T01:02:42.177Z","v":0}
{"name":"hexo","hostname":"ly-PC","pid":748,"level":20,"msg":"Processed: source/images/cc-zero.svg","time":"2016-09-22T01:02:42.178Z","v":0}
{"name":"hexo","hostname":"ly-PC","pid":748,"level":20,"msg":"Processed: source/images/loading.gif","time":"2016-09-22T01:02:42.178Z","v":0}
{"name":"hexo","hostname":"ly-PC","pid":748,"level":20,"msg":"Processed: source/images/placeholder.gif","time":"2016-09-22T01:02:42.179Z","v":0}
{"name":"hexo","hostname":"ly-PC","pid":748,"level":20,"msg":"Processed: source/images/quote-l.svg","time":"2016-09-22T01:02:42.179Z","v":0}
{"name":"hexo","hostname":"ly-PC","pid":748,"level":20,"msg":"Processed: source/images/quote-r.svg","time":"2016-09-22T01:02:42.180Z","v":0}
{"name":"hexo","hostname":"ly-PC","pid":748,"level":20,"msg":"Processed: source/images/searchicon.png","time":"2016-09-22T01:02:42.180Z","v":0}
{"name":"hexo","hostname":"ly-PC","pid":748,"level":20,"msg":"Processed: layout/_layout.swig","time":"2016-09-22T01:02:42.519Z","v":0}
{"name":"hexo","hostname":"ly-PC","pid":748,"level":20,"msg":"Processed: layout/category.swig","time":"2016-09-22T01:02:42.520Z","v":0}
{"name":"hexo","hostname":"ly-PC","pid":748,"level":20,"msg":"Processed: layout/archive.swig","time":"2016-09-22T01:02:42.520Z","v":0}
{"name":"hexo","hostname":"ly-PC","pid":748,"level":20,"msg":"Processed: layout/index.swig","time":"2016-09-22T01:02:42.520Z","v":0}
{"name":"hexo","hostname":"ly-PC","pid":748,"level":20,"msg":"Processed: layout/page.swig","time":"2016-09-22T01:02:42.521Z","v":0}
{"name":"hexo","hostname":"ly-PC","pid":748,"level":20,"msg":"Processed: layout/post.swig","time":"2016-09-22T01:02:42.521Z","v":0}
{"name":"hexo","hostname":"ly-PC","pid":748,"level":20,"msg":"Processed: layout/tag.swig","time":"2016-09-22T01:02:42.522Z","v":0}
{"name":"hexo","hostname":"ly-PC","pid":748,"level":20,"msg":"Processed: languages/default.yml","time":"2016-09-22T01:02:42.539Z","v":0}
{"name":"hexo","hostname":"ly-PC","pid":748,"level":20,"msg":"Processed: languages/en.yml","time":"2016-09-22T01:02:42.539Z","v":0}
{"name":"hexo","hostname":"ly-PC","pid":748,"level":20,"msg":"Processed: languages/id.yml","time":"2016-09-22T01:02:42.540Z","v":0}
{"name":"hexo","hostname":"ly-PC","pid":748,"level":20,"msg":"Processed: languages/ko.yml","time":"2016-09-22T01:02:42.540Z","v":0}
{"name":"hexo","hostname":"ly-PC","pid":748,"level":20,"msg":"Processed: languages/fr-FR.yml","time":"2016-09-22T01:02:42.540Z","v":0}
{"name":"hexo","hostname":"ly-PC","pid":748,"level":20,"msg":"Processed: languages/de.yml","time":"2016-09-22T01:02:42.540Z","v":0}
{"name":"hexo","hostname":"ly-PC","pid":748,"level":20,"msg":"Processed: languages/pt-BR.yml","time":"2016-09-22T01:02:42.540Z","v":0}
{"name":"hexo","hostname":"ly-PC","pid":748,"level":20,"msg":"Processed: languages/ja.yml","time":"2016-09-22T01:02:42.540Z","v":0}
{"name":"hexo","hostname":"ly-PC","pid":748,"level":20,"msg":"Processed: languages/pt.yml","time":"2016-09-22T01:02:42.541Z","v":0}
{"name":"hexo","hostname":"ly-PC","pid":748,"level":20,"msg":"Processed: languages/zh-Hans.yml","time":"2016-09-22T01:02:42.541Z","v":0}
{"name":"hexo","hostname":"ly-PC","pid":748,"level":20,"msg":"Processed: languages/ru.yml","time":"2016-09-22T01:02:42.541Z","v":0}
{"name":"hexo","hostname":"ly-PC","pid":748,"level":20,"msg":"Processed: languages/zh-hk.yml","time":"2016-09-22T01:02:42.542Z","v":0}
{"name":"hexo","hostname":"ly-PC","pid":748,"level":20,"msg":"Processed: languages/zh-tw.yml","time":"2016-09-22T01:02:42.542Z","v":0}
{"name":"hexo","hostname":"ly-PC","pid":748,"level":20,"msg":"Processed: source/js/src/affix.js","time":"2016-09-22T01:02:42.590Z","v":0}
{"name":"hexo","hostname":"ly-PC","pid":748,"level":20,"msg":"Processed: source/js/src/bootstrap.js","time":"2016-09-22T01:02:42.590Z","v":0}
{"name":"hexo","hostname":"ly-PC","pid":748,"level":20,"msg":"Processed: source/js/src/hook-duoshuo.js","time":"2016-09-22T01:02:42.591Z","v":0}
{"name":"hexo","hostname":"ly-PC","pid":748,"level":20,"msg":"Processed: source/js/src/motion.js","time":"2016-09-22T01:02:42.591Z","v":0}
{"name":"hexo","hostname":"ly-PC","pid":748,"level":20,"msg":"Processed: source/js/src/post-details.js","time":"2016-09-22T01:02:42.592Z","v":0}
{"name":"hexo","hostname":"ly-PC","pid":748,"level":20,"msg":"Processed: source/js/src/scrollspy.js","time":"2016-09-22T01:02:42.592Z","v":0}
{"name":"hexo","hostname":"ly-PC","pid":748,"level":20,"msg":"Processed: source/js/src/utils.js","time":"2016-09-22T01:02:42.593Z","v":0}
{"name":"hexo","hostname":"ly-PC","pid":748,"level":20,"msg":"Processed: source/vendors/fastclick/LICENSE","time":"2016-09-22T01:02:42.594Z","v":0}
{"name":"hexo","hostname":"ly-PC","pid":748,"level":20,"msg":"Processed: source/vendors/fastclick/README.md","time":"2016-09-22T01:02:42.596Z","v":0}
{"name":"hexo","hostname":"ly-PC","pid":748,"level":20,"msg":"Processed: source/vendors/fastclick/bower.json","time":"2016-09-22T01:02:42.596Z","v":0}
{"name":"hexo","hostname":"ly-PC","pid":748,"level":20,"msg":"Processed: source/vendors/font-awesome/HELP-US-OUT.txt","time":"2016-09-22T01:02:42.596Z","v":0}
{"name":"hexo","hostname":"ly-PC","pid":748,"level":20,"msg":"Processed: source/vendors/font-awesome/bower.json","time":"2016-09-22T01:02:42.597Z","v":0}
{"name":"hexo","hostname":"ly-PC","pid":748,"level":20,"msg":"Processed: source/vendors/jquery_lazyload/CONTRIBUTING.md","time":"2016-09-22T01:02:42.597Z","v":0}
{"name":"hexo","hostname":"ly-PC","pid":748,"level":20,"msg":"Processed: source/vendors/jquery_lazyload/README.md","time":"2016-09-22T01:02:42.598Z","v":0}
{"name":"hexo","hostname":"ly-PC","pid":748,"level":20,"msg":"Processed: source/vendors/jquery_lazyload/bower.json","time":"2016-09-22T01:02:42.599Z","v":0}
{"name":"hexo","hostname":"ly-PC","pid":748,"level":20,"msg":"Processed: source/vendors/jquery_lazyload/jquery.lazyload.js","time":"2016-09-22T01:02:42.599Z","v":0}
{"name":"hexo","hostname":"ly-PC","pid":748,"level":20,"msg":"Processed: source/vendors/jquery_lazyload/jquery.scrollstop.js","time":"2016-09-22T01:02:42.599Z","v":0}
{"name":"hexo","hostname":"ly-PC","pid":748,"level":20,"msg":"Processed: source/vendors/velocity/bower.json","time":"2016-09-22T01:02:42.600Z","v":0}
{"name":"hexo","hostname":"ly-PC","pid":748,"level":20,"msg":"Processed: source/vendors/velocity/velocity.min.js","time":"2016-09-22T01:02:42.602Z","v":0}
{"name":"hexo","hostname":"ly-PC","pid":748,"level":20,"msg":"Processed: source/vendors/velocity/velocity.ui.js","time":"2016-09-22T01:02:42.602Z","v":0}
{"name":"hexo","hostname":"ly-PC","pid":748,"level":20,"msg":"Processed: source/vendors/velocity/velocity.ui.min.js","time":"2016-09-22T01:02:42.603Z","v":0}
{"name":"hexo","hostname":"ly-PC","pid":748,"level":20,"msg":"Processed: layout/_macro/post-collapse.swig","time":"2016-09-22T01:02:42.742Z","v":0}
{"name":"hexo","hostname":"ly-PC","pid":748,"level":20,"msg":"Processed: layout/_macro/post.swig","time":"2016-09-22T01:02:42.742Z","v":0}
{"name":"hexo","hostname":"ly-PC","pid":748,"level":20,"msg":"Processed: layout/_macro/reward.swig","time":"2016-09-22T01:02:42.742Z","v":0}
{"name":"hexo","hostname":"ly-PC","pid":748,"level":20,"msg":"Processed: layout/_macro/sidebar.swig","time":"2016-09-22T01:02:42.743Z","v":0}
{"name":"hexo","hostname":"ly-PC","pid":748,"level":20,"msg":"Processed: layout/_macro/wechat-subscriber.swig","time":"2016-09-22T01:02:42.743Z","v":0}
{"name":"hexo","hostname":"ly-PC","pid":748,"level":20,"msg":"Processed: layout/_partials/duoshuo-hot-articles.swig","time":"2016-09-22T01:02:42.743Z","v":0}
{"name":"hexo","hostname":"ly-PC","pid":748,"level":20,"msg":"Processed: layout/_partials/comments.swig","time":"2016-09-22T01:02:42.743Z","v":0}
{"name":"hexo","hostname":"ly-PC","pid":748,"level":20,"msg":"Processed: layout/_partials/footer.swig","time":"2016-09-22T01:02:42.743Z","v":0}
{"name":"hexo","hostname":"ly-PC","pid":748,"level":20,"msg":"Processed: layout/_partials/head.swig","time":"2016-09-22T01:02:42.743Z","v":0}
{"name":"hexo","hostname":"ly-PC","pid":748,"level":20,"msg":"Processed: layout/_partials/header.swig","time":"2016-09-22T01:02:42.743Z","v":0}
{"name":"hexo","hostname":"ly-PC","pid":748,"level":20,"msg":"Processed: layout/_partials/pagination.swig","time":"2016-09-22T01:02:42.743Z","v":0}
{"name":"hexo","hostname":"ly-PC","pid":748,"level":20,"msg":"Processed: layout/_partials/search.swig","time":"2016-09-22T01:02:42.745Z","v":0}
{"name":"hexo","hostname":"ly-PC","pid":748,"level":20,"msg":"Processed: layout/_scripts/baidu-push.swig","time":"2016-09-22T01:02:42.745Z","v":0}
{"name":"hexo","hostname":"ly-PC","pid":748,"level":20,"msg":"Processed: layout/_scripts/boostrap.swig","time":"2016-09-22T01:02:42.745Z","v":0}
{"name":"hexo","hostname":"ly-PC","pid":748,"level":20,"msg":"Processed: layout/_scripts/commons.swig","time":"2016-09-22T01:02:42.745Z","v":0}
{"name":"hexo","hostname":"ly-PC","pid":748,"level":20,"msg":"Processed: layout/_scripts/vendors.swig","time":"2016-09-22T01:02:42.746Z","v":0}
{"name":"hexo","hostname":"ly-PC","pid":748,"level":20,"msg":"Processed: source/vendors/jquery/index.js","time":"2016-09-22T01:02:42.751Z","v":0}
{"name":"hexo","hostname":"ly-PC","pid":748,"level":20,"msg":"Processed: layout/_scripts/schemes/mist.swig","time":"2016-09-22T01:02:42.758Z","v":0}
{"name":"hexo","hostname":"ly-PC","pid":748,"level":20,"msg":"Processed: layout/_scripts/schemes/muse.swig","time":"2016-09-22T01:02:42.759Z","v":0}
{"name":"hexo","hostname":"ly-PC","pid":748,"level":20,"msg":"Processed: source/js/src/schemes/pisces.js","time":"2016-09-22T01:02:42.761Z","v":0}
{"name":"hexo","hostname":"ly-PC","pid":748,"level":20,"msg":"Processed: source/images/avatar.gif","time":"2016-09-22T01:02:42.762Z","v":0}
{"name":"hexo","hostname":"ly-PC","pid":748,"level":20,"msg":"Processed: source/vendors/fancybox/source/fancybox_loading.gif","time":"2016-09-22T01:02:42.762Z","v":0}
{"name":"hexo","hostname":"ly-PC","pid":748,"level":20,"msg":"Processed: source/vendors/fancybox/source/fancybox_loading@2x.gif","time":"2016-09-22T01:02:42.762Z","v":0}
{"name":"hexo","hostname":"ly-PC","pid":748,"level":20,"msg":"Processed: source/vendors/fancybox/source/fancybox_overlay.png","time":"2016-09-22T01:02:42.763Z","v":0}
{"name":"hexo","hostname":"ly-PC","pid":748,"level":20,"msg":"Processed: source/vendors/fancybox/source/fancybox_sprite.png","time":"2016-09-22T01:02:42.764Z","v":0}
{"name":"hexo","hostname":"ly-PC","pid":748,"level":20,"msg":"Processed: source/vendors/fancybox/source/fancybox_sprite@2x.png","time":"2016-09-22T01:02:42.764Z","v":0}
{"name":"hexo","hostname":"ly-PC","pid":748,"level":20,"msg":"Processed: source/vendors/fancybox/source/jquery.fancybox.css","time":"2016-09-22T01:02:42.765Z","v":0}
{"name":"hexo","hostname":"ly-PC","pid":748,"level":20,"msg":"Processed: source/vendors/fancybox/source/jquery.fancybox.js","time":"2016-09-22T01:02:42.765Z","v":0}
{"name":"hexo","hostname":"ly-PC","pid":748,"level":20,"msg":"Processed: source/vendors/fancybox/source/jquery.fancybox.pack.js","time":"2016-09-22T01:02:42.766Z","v":0}
{"name":"hexo","hostname":"ly-PC","pid":748,"level":20,"msg":"Processed: source/vendors/fancybox/source/blank.gif","time":"2016-09-22T01:02:42.767Z","v":0}
{"name":"hexo","hostname":"ly-PC","pid":748,"level":20,"msg":"Processed: source/vendors/font-awesome/css/font-awesome.css","time":"2016-09-22T01:02:42.767Z","v":0}
{"name":"hexo","hostname":"ly-PC","pid":748,"level":20,"msg":"Processed: source/vendors/font-awesome/css/font-awesome.css.map","time":"2016-09-22T01:02:42.767Z","v":0}
{"name":"hexo","hostname":"ly-PC","pid":748,"level":20,"msg":"Processed: source/vendors/font-awesome/css/font-awesome.min.css","time":"2016-09-22T01:02:42.768Z","v":0}
{"name":"hexo","hostname":"ly-PC","pid":748,"level":20,"msg":"Processed: source/vendors/font-awesome/fonts/fontawesome-webfont.woff2","time":"2016-09-22T01:02:42.768Z","v":0}
{"name":"hexo","hostname":"ly-PC","pid":748,"level":20,"msg":"Processed: source/vendors/ua-parser-js/dist/ua-parser.pack.js","time":"2016-09-22T01:02:42.769Z","v":0}
{"name":"hexo","hostname":"ly-PC","pid":748,"level":20,"msg":"Processed: source/vendors/fastclick/lib/fastclick.js","time":"2016-09-22T01:02:42.771Z","v":0}
{"name":"hexo","hostname":"ly-PC","pid":748,"level":20,"msg":"Processed: source/vendors/ua-parser-js/dist/ua-parser.min.js","time":"2016-09-22T01:02:42.772Z","v":0}
{"name":"hexo","hostname":"ly-PC","pid":748,"level":20,"msg":"Processed: source/vendors/fastclick/lib/fastclick.min.js","time":"2016-09-22T01:02:42.772Z","v":0}
{"name":"hexo","hostname":"ly-PC","pid":748,"level":20,"msg":"Processed: layout/_partials/head/external-fonts.swig","time":"2016-09-22T01:02:42.800Z","v":0}
{"name":"hexo","hostname":"ly-PC","pid":748,"level":20,"msg":"Processed: layout/_partials/search/localsearch.swig","time":"2016-09-22T01:02:42.801Z","v":0}
{"name":"hexo","hostname":"ly-PC","pid":748,"level":20,"msg":"Processed: layout/_partials/search/swiftype.swig","time":"2016-09-22T01:02:42.801Z","v":0}
{"name":"hexo","hostname":"ly-PC","pid":748,"level":20,"msg":"Processed: layout/_partials/search/tinysou.swig","time":"2016-09-22T01:02:42.801Z","v":0}
{"name":"hexo","hostname":"ly-PC","pid":748,"level":20,"msg":"Processed: layout/_partials/share/add-this.swig","time":"2016-09-22T01:02:42.801Z","v":0}
{"name":"hexo","hostname":"ly-PC","pid":748,"level":20,"msg":"Processed: layout/_partials/share/baidushare.swig","time":"2016-09-22T01:02:42.802Z","v":0}
{"name":"hexo","hostname":"ly-PC","pid":748,"level":20,"msg":"Processed: layout/_partials/share/duoshuo_share.swig","time":"2016-09-22T01:02:42.802Z","v":0}
{"name":"hexo","hostname":"ly-PC","pid":748,"level":20,"msg":"Processed: layout/_scripts/pages/post-details.swig","time":"2016-09-22T01:02:42.803Z","v":0}
{"name":"hexo","hostname":"ly-PC","pid":748,"level":20,"msg":"Processed: layout/_scripts/schemes/pisces.swig","time":"2016-09-22T01:02:42.803Z","v":0}
{"name":"hexo","hostname":"ly-PC","pid":748,"level":20,"msg":"Processed: layout/_partials/share/jiathis.swig","time":"2016-09-22T01:02:42.803Z","v":0}
{"name":"hexo","hostname":"ly-PC","pid":748,"level":20,"msg":"Processed: layout/_scripts/third-party/analytics.swig","time":"2016-09-22T01:02:42.803Z","v":0}
{"name":"hexo","hostname":"ly-PC","pid":748,"level":20,"msg":"Processed: layout/_scripts/third-party/comments.swig","time":"2016-09-22T01:02:42.803Z","v":0}
{"name":"hexo","hostname":"ly-PC","pid":748,"level":20,"msg":"Processed: layout/_scripts/third-party/localsearch.swig","time":"2016-09-22T01:02:42.804Z","v":0}
{"name":"hexo","hostname":"ly-PC","pid":748,"level":20,"msg":"Processed: layout/_scripts/third-party/mathjax.swig","time":"2016-09-22T01:02:42.804Z","v":0}
{"name":"hexo","hostname":"ly-PC","pid":748,"level":20,"msg":"Processed: layout/_scripts/third-party/tinysou.swig","time":"2016-09-22T01:02:42.804Z","v":0}
{"name":"hexo","hostname":"ly-PC","pid":748,"level":20,"msg":"Processed: layout/_scripts/third-party/lean-analytics.swig","time":"2016-09-22T01:02:42.804Z","v":0}
{"name":"hexo","hostname":"ly-PC","pid":748,"level":20,"msg":"Processed: source/vendors/font-awesome/fonts/FontAwesome.otf","time":"2016-09-22T01:02:42.810Z","v":0}
{"name":"hexo","hostname":"ly-PC","pid":748,"level":20,"msg":"Processed: source/vendors/font-awesome/fonts/fontawesome-webfont.woff","time":"2016-09-22T01:02:42.811Z","v":0}
{"name":"hexo","hostname":"ly-PC","pid":748,"level":20,"msg":"Processed: source/vendors/font-awesome/fonts/fontawesome-webfont.eot","time":"2016-09-22T01:02:42.811Z","v":0}
{"name":"hexo","hostname":"ly-PC","pid":748,"level":20,"msg":"Processed: source/vendors/velocity/velocity.js","time":"2016-09-22T01:02:42.812Z","v":0}
{"name":"hexo","hostname":"ly-PC","pid":748,"level":20,"msg":"Processed: source/vendors/fancybox/source/helpers/fancybox_buttons.png","time":"2016-09-22T01:02:42.822Z","v":0}
{"name":"hexo","hostname":"ly-PC","pid":748,"level":20,"msg":"Processed: source/vendors/fancybox/source/helpers/jquery.fancybox-buttons.css","time":"2016-09-22T01:02:42.825Z","v":0}
{"name":"hexo","hostname":"ly-PC","pid":748,"level":20,"msg":"Processed: source/vendors/fancybox/source/helpers/jquery.fancybox-buttons.js","time":"2016-09-22T01:02:42.826Z","v":0}
{"name":"hexo","hostname":"ly-PC","pid":748,"level":20,"msg":"Processed: source/vendors/fancybox/source/helpers/jquery.fancybox-media.js","time":"2016-09-22T01:02:42.826Z","v":0}
{"name":"hexo","hostname":"ly-PC","pid":748,"level":20,"msg":"Processed: source/vendors/fancybox/source/helpers/jquery.fancybox-thumbs.css","time":"2016-09-22T01:02:42.826Z","v":0}
{"name":"hexo","hostname":"ly-PC","pid":748,"level":20,"msg":"Processed: source/vendors/fancybox/source/helpers/jquery.fancybox-thumbs.js","time":"2016-09-22T01:02:42.827Z","v":0}
{"name":"hexo","hostname":"ly-PC","pid":748,"level":20,"msg":"Processed: source/vendors/font-awesome/fonts/fontawesome-webfont.ttf","time":"2016-09-22T01:02:42.827Z","v":0}
{"name":"hexo","hostname":"ly-PC","pid":748,"level":20,"msg":"Processed: layout/_scripts/third-party/analytics/busuanzi-counter.swig","time":"2016-09-22T01:02:42.848Z","v":0}
{"name":"hexo","hostname":"ly-PC","pid":748,"level":20,"msg":"Processed: layout/_scripts/third-party/analytics/baidu-analytics.swig","time":"2016-09-22T01:02:42.848Z","v":0}
{"name":"hexo","hostname":"ly-PC","pid":748,"level":20,"msg":"Processed: layout/_scripts/third-party/analytics/cnzz-analytics.swig","time":"2016-09-22T01:02:42.849Z","v":0}
{"name":"hexo","hostname":"ly-PC","pid":748,"level":20,"msg":"Processed: layout/_scripts/third-party/analytics/facebook-sdk.swig","time":"2016-09-22T01:02:42.849Z","v":0}
{"name":"hexo","hostname":"ly-PC","pid":748,"level":20,"msg":"Processed: layout/_scripts/third-party/analytics/google-analytics.swig","time":"2016-09-22T01:02:42.849Z","v":0}
{"name":"hexo","hostname":"ly-PC","pid":748,"level":20,"msg":"Processed: layout/_scripts/third-party/analytics/tencent-analytics.swig","time":"2016-09-22T01:02:42.849Z","v":0}
{"name":"hexo","hostname":"ly-PC","pid":748,"level":20,"msg":"Processed: layout/_scripts/third-party/comments/disqus.swig","time":"2016-09-22T01:02:42.849Z","v":0}
{"name":"hexo","hostname":"ly-PC","pid":748,"level":20,"msg":"Processed: layout/_scripts/third-party/comments/duoshuo.swig","time":"2016-09-22T01:02:42.849Z","v":0}
{"name":"hexo","hostname":"ly-PC","pid":748,"level":20,"msg":"Processed: source/vendors/font-awesome/fonts/fontawesome-webfont.svg","time":"2016-09-22T01:02:42.861Z","v":0}
{"name":"hexo","hostname":"ly-PC","pid":748,"level":20,"msg":"Generator: page","time":"2016-09-22T01:02:43.608Z","v":0}
{"name":"hexo","hostname":"ly-PC","pid":748,"level":20,"msg":"Generator: post","time":"2016-09-22T01:02:43.608Z","v":0}
{"name":"hexo","hostname":"ly-PC","pid":748,"level":20,"msg":"Generator: archive","time":"2016-09-22T01:02:43.608Z","v":0}
{"name":"hexo","hostname":"ly-PC","pid":748,"level":20,"msg":"Generator: category","time":"2016-09-22T01:02:43.609Z","v":0}
{"name":"hexo","hostname":"ly-PC","pid":748,"level":20,"msg":"Generator: index","time":"2016-09-22T01:02:43.609Z","v":0}
{"name":"hexo","hostname":"ly-PC","pid":748,"level":20,"msg":"Generator: search","time":"2016-09-22T01:02:43.609Z","v":0}
{"name":"hexo","hostname":"ly-PC","pid":748,"level":20,"msg":"Generator: tag","time":"2016-09-22T01:02:43.609Z","v":0}
{"name":"hexo","hostname":"ly-PC","pid":748,"level":20,"msg":"Generator: asset","time":"2016-09-22T01:02:43.612Z","v":0}
{"name":"hexo","hostname":"ly-PC","pid":748,"level":30,"msg":"Hexo is running at http://localhost:4000/. Press Ctrl+C to stop.","time":"2016-09-22T01:02:43.649Z","v":0}
{"name":"hexo","hostname":"ly-PC","pid":748,"level":20,"msg":"Database saved","time":"2016-09-22T01:02:43.685Z","v":0}
{"name":"hexo","hostname":"ly-PC","pid":748,"level":20,"msg":"Rendering index: index.html","time":"2016-09-22T01:02:47.469Z","v":0}
{"name":"hexo","hostname":"ly-PC","pid":748,"level":20,"msg":"Processed: _posts/一首诗-翻译.md","time":"2016-09-22T01:03:26.983Z","v":0}
{"name":"hexo","hostname":"ly-PC","pid":748,"level":20,"msg":"Generator: page","time":"2016-09-22T01:03:27.191Z","v":0}
{"name":"hexo","hostname":"ly-PC","pid":748,"level":20,"msg":"Generator: post","time":"2016-09-22T01:03:27.192Z","v":0}
{"name":"hexo","hostname":"ly-PC","pid":748,"level":20,"msg":"Generator: archive","time":"2016-09-22T01:03:27.193Z","v":0}
{"name":"hexo","hostname":"ly-PC","pid":748,"level":20,"msg":"Generator: category","time":"2016-09-22T01:03:27.193Z","v":0}
{"name":"hexo","hostname":"ly-PC","pid":748,"level":20,"msg":"Generator: index","time":"2016-09-22T01:03:27.193Z","v":0}
{"name":"hexo","hostname":"ly-PC","pid":748,"level":20,"msg":"Generator: search","time":"2016-09-22T01:03:27.193Z","v":0}
{"name":"hexo","hostname":"ly-PC","pid":748,"level":20,"msg":"Generator: tag","time":"2016-09-22T01:03:27.193Z","v":0}
{"name":"hexo","hostname":"ly-PC","pid":748,"level":20,"msg":"Generator: asset","time":"2016-09-22T01:03:27.196Z","v":0}
{"name":"hexo","hostname":"ly-PC","pid":748,"level":20,"msg":"Rendering index: index.html","time":"2016-09-22T01:03:28.108Z","v":0}
{"name":"hexo","hostname":"ly-PC","pid":748,"level":20,"msg":"Processed: _posts/一首诗-翻译.md","time":"2016-09-22T01:09:17.944Z","v":0}
{"name":"hexo","hostname":"ly-PC","pid":748,"level":20,"msg":"Generator: page","time":"2016-09-22T01:09:18.118Z","v":0}
{"name":"hexo","hostname":"ly-PC","pid":748,"level":20,"msg":"Generator: post","time":"2016-09-22T01:09:18.118Z","v":0}
{"name":"hexo","hostname":"ly-PC","pid":748,"level":20,"msg":"Generator: archive","time":"2016-09-22T01:09:18.118Z","v":0}
{"name":"hexo","hostname":"ly-PC","pid":748,"level":20,"msg":"Generator: category","time":"2016-09-22T01:09:18.118Z","v":0}
{"name":"hexo","hostname":"ly-PC","pid":748,"level":20,"msg":"Generator: index","time":"2016-09-22T01:09:18.118Z","v":0}
{"name":"hexo","hostname":"ly-PC","pid":748,"level":20,"msg":"Generator: search","time":"2016-09-22T01:09:18.119Z","v":0}
{"name":"hexo","hostname":"ly-PC","pid":748,"level":20,"msg":"Generator: tag","time":"2016-09-22T01:09:18.119Z","v":0}
{"name":"hexo","hostname":"ly-PC","pid":748,"level":20,"msg":"Generator: asset","time":"2016-09-22T01:09:18.121Z","v":0}
{"name":"hexo","hostname":"ly-PC","pid":748,"level":20,"msg":"Rendering index: index.html","time":"2016-09-22T01:09:22.710Z","v":0}
{"name":"hexo","hostname":"ly-PC","pid":748,"level":20,"msg":"Processed: _posts/一首诗-翻译.md","time":"2016-09-22T01:10:18.123Z","v":0}
{"name":"hexo","hostname":"ly-PC","pid":748,"level":20,"msg":"Generator: page","time":"2016-09-22T01:10:18.295Z","v":0}
{"name":"hexo","hostname":"ly-PC","pid":748,"level":20,"msg":"Generator: post","time":"2016-09-22T01:10:18.295Z","v":0}
{"name":"hexo","hostname":"ly-PC","pid":748,"level":20,"msg":"Generator: archive","time":"2016-09-22T01:10:18.295Z","v":0}
{"name":"hexo","hostname":"ly-PC","pid":748,"level":20,"msg":"Generator: category","time":"2016-09-22T01:10:18.296Z","v":0}
{"name":"hexo","hostname":"ly-PC","pid":748,"level":20,"msg":"Generator: index","time":"2016-09-22T01:10:18.296Z","v":0}
{"name":"hexo","hostname":"ly-PC","pid":748,"level":20,"msg":"Generator: search","time":"2016-09-22T01:10:18.296Z","v":0}
{"name":"hexo","hostname":"ly-PC","pid":748,"level":20,"msg":"Generator: tag","time":"2016-09-22T01:10:18.296Z","v":0}
{"name":"hexo","hostname":"ly-PC","pid":748,"level":20,"msg":"Generator: asset","time":"2016-09-22T01:10:18.298Z","v":0}
{"name":"hexo","hostname":"ly-PC","pid":748,"level":20,"msg":"Rendering index: index.html","time":"2016-09-22T01:10:27.757Z","v":0}
{"name":"hexo","hostname":"ly-PC","pid":748,"level":20,"msg":"Processed: debug.log","time":"2016-09-22T01:10:44.061Z","v":0}
{"name":"hexo","hostname":"ly-PC","pid":748,"level":20,"msg":"Generator: page","time":"2016-09-22T01:10:44.211Z","v":0}
{"name":"hexo","hostname":"ly-PC","pid":748,"level":20,"msg":"Generator: post","time":"2016-09-22T01:10:44.211Z","v":0}
{"name":"hexo","hostname":"ly-PC","pid":748,"level":20,"msg":"Generator: archive","time":"2016-09-22T01:10:44.212Z","v":0}
{"name":"hexo","hostname":"ly-PC","pid":748,"level":20,"msg":"Generator: category","time":"2016-09-22T01:10:44.212Z","v":0}
{"name":"hexo","hostname":"ly-PC","pid":748,"level":20,"msg":"Generator: index","time":"2016-09-22T01:10:44.212Z","v":0}
{"name":"hexo","hostname":"ly-PC","pid":748,"level":20,"msg":"Generator: search","time":"2016-09-22T01:10:44.212Z","v":0}
{"name":"hexo","hostname":"ly-PC","pid":748,"level":20,"msg":"Generator: tag","time":"2016-09-22T01:10:44.212Z","v":0}
{"name":"hexo","hostname":"ly-PC","pid":748,"level":20,"msg":"Generator: asset","time":"2016-09-22T01:10:44.214Z","v":0}
{"name":"hexo","hostname":"ly-PC","pid":748,"level":20,"msg":"Processed: debug.log","time":"2016-09-22T01:10:45.132Z","v":0}
{"name":"hexo","hostname":"ly-PC","pid":748,"level":20,"msg":"Generator: page","time":"2016-09-22T01:10:45.290Z","v":0}
{"name":"hexo","hostname":"ly-PC","pid":748,"level":20,"msg":"Generator: post","time":"2016-09-22T01:10:45.291Z","v":0}
{"name":"hexo","hostname":"ly-PC","pid":748,"level":20,"msg":"Generator: archive","time":"2016-09-22T01:10:45.294Z","v":0}
{"name":"hexo","hostname":"ly-PC","pid":748,"level":20,"msg":"Generator: category","time":"2016-09-22T01:10:45.294Z","v":0}
{"name":"hexo","hostname":"ly-PC","pid":748,"level":20,"msg":"Generator: index","time":"2016-09-22T01:10:45.295Z","v":0}
{"name":"hexo","hostname":"ly-PC","pid":748,"level":20,"msg":"Generator: search","time":"2016-09-22T01:10:45.297Z","v":0}
{"name":"hexo","hostname":"ly-PC","pid":748,"level":20,"msg":"Generator: tag","time":"2016-09-22T01:10:45.298Z","v":0}
{"name":"hexo","hostname":"ly-PC","pid":748,"level":20,"msg":"Generator: asset","time":"2016-09-22T01:10:45.302Z","v":0}
